<?xml version="1.0" encoding="UTF-8"?>
<!-- Generated by org.testng.reporters.JUnitReportReporter -->
<testsuite hostname="Nipuni" failures="0" tests="1" name="com.testcases.SortDropdownTest" time="2.239" errors="0" timestamp="2023-11-03T16:17:06 IST" skipped="0">
  <testcase classname="com.testcases.SortDropdownTest" name="testPriceLowTOHighSort" time="2.239"/>
</testsuite> <!-- com.testcases.SortDropdownTest -->
